<?xml version="1.0" encoding="UTF-8"?>
<!-- Generated by org.testng.reporters.JUnitReportReporter -->
<testsuite hostname="Somashekars-iMac.local" failures="0" tests="3" name="nucot.newnucotapp.base.LoginPageTest" time="11.215" errors="0" timestamp="20 Jun 2023 11:31:10 GMT" skipped="0">
  <testcase classname="nucot.newnucotapp.base.LoginPageTest" name="getUrl" time="0.072"/>
  <testcase classname="nucot.newnucotapp.base.LoginPageTest" name="loginTest" time="11.126"/>
  <testcase classname="nucot.newnucotapp.base.LoginPageTest" name="loginPageTitleTest" time="0.017"/>
</testsuite> <!-- nucot.newnucotapp.base.LoginPageTest -->
