<?xml version="1.0" encoding="UTF-8"?>
<!-- Generated by org.testng.reporters.JUnitReportReporter -->
<testsuite hostname="Somashekars-iMac.local" failures="0" tests="2" name="nucot.newnucotapp.base.AdminPageTest" time="2.047" errors="0" timestamp="20 Jun 2023 11:55:45 GMT" skipped="0">
  <testcase classname="nucot.newnucotapp.base.AdminPageTest" name="adminPagetitleTest" time="0.011"/>
  <testcase classname="nucot.newnucotapp.base.AdminPageTest" name="adminPageUrlTest" time="2.036"/>
</testsuite> <!-- nucot.newnucotapp.base.AdminPageTest -->
