<?xml version="1.0" encoding="UTF-8"?>
<!-- Generated by org.testng.reporters.JUnitReportReporter -->
<testsuite hostname="Somashekars-iMac.local" failures="0" tests="3" name="nucot.newnucotapp.base.LoginPageTest" time="13.418" errors="0" timestamp="18 Jun 2023 14:35:50 GMT" skipped="0">
  <testcase classname="nucot.newnucotapp.base.LoginPageTest" name="getUrl" time="0.023"/>
  <testcase classname="nucot.newnucotapp.base.LoginPageTest" name="loginTest" time="13.388"/>
  <testcase classname="nucot.newnucotapp.base.LoginPageTest" name="loginPageTitleTest" time="0.007"/>
</testsuite> <!-- nucot.newnucotapp.base.LoginPageTest -->
